Build started 10/13/2017 3:10:51 PM.
     1>Project "C:\dev\real_time_seq\oms_tide_2013_tests\oms_tide_2013_tests\oms_tide_2013_tests\oms_tide_2013_tests.vcxproj" on node 2 (Build target(s)).
     1>Link:
         C:\Program Files (x86)\Microsoft Visual Studio 12.0\VC\bin\x86_amd64\link.exe /ERRORREPORT:PROMPT /OUT:"C:\dev\real_time_seq\oms_tide_2013_tests\oms_tide_2013_tests\x64\Debug\oms_tide_2013_tests.exe" /INCREMENTAL /NOLOGO /LIBPATH:C:\dev\OpenMS_2013\src\openms\Debug /LIBPATH:"C:\dev\crux-src-4\src\app\tide\Debug" /LIBPATH:"C:\dev\crux-src-4\src\Debug" kernel32.lib user32.lib gdi32.lib winspool.lib comdlg32.lib advapi32.lib shell32.lib ole32.lib oleaut32.lib uuid.lib odbc32.lib odbccp32.lib kernel32.lib user32.lib gdi32.lib winspool.lib comdlg32.lib advapi32.lib shell32.lib ole32.lib oleaut32.lib uuid.lib odbc32.lib odbccp32.lib OpenMSd.lib "tide-support.lib" "crux-support.lib" ShLwApi.lib /MANIFEST /MANIFESTUAC:"level='asInvoker' uiAccess='false'" /manifest:embed /DEBUG /PDB:"C:\dev\real_time_seq\oms_tide_2013_tests\oms_tide_2013_tests\x64\Debug\oms_tide_2013_tests.pdb" /SUBSYSTEM:CONSOLE /TLBID:1 /DYNAMICBASE /NXCOMPAT /IMPLIB:"C:\dev\real_time_seq\oms_tide_2013_tests\oms_tide_2013_tests\x64\Debug\oms_tide_2013_tests.lib" /MACHINE:X64 "C:\dev\crux-src-4\ext\build\src\percolator-build\src\picked_protein\Debug\*.lib" "C:\dev\crux-src-4\ext\build\src\percolator-build\src\Debug\*.lib" "C:\dev\crux-src-4\ext\build\src\ProteoWizard\libraries\*.lib" "C:\dev\crux-src-4\ext\build\src\protobuf-2.5.0\vsprojects\x64\Debug\*.lib" "C:\dev\crux-src-4\ext\lib\*.lib" x64\Debug\oms_tide_2013_tests.obj
         x64\Debug\stdafx.obj
     1>libboost_filesystem-vc120-mt-1_56.lib(boost_path_traits-vc120-mt.obj) : error LNK2038: mismatch detected for '_ITERATOR_DEBUG_LEVEL': value '0' doesn't match value '2' in oms_tide_2013_tests.obj
     1>libboost_filesystem-vc120-mt-1_56.lib(boost_path_traits-vc120-mt.obj) : error LNK2038: mismatch detected for 'RuntimeLibrary': value 'MD_DynamicRelease' doesn't match value 'MDd_DynamicDebug' in oms_tide_2013_tests.obj
     1>libboost_filesystem-vc120-mt-1_56.lib(boost_path-vc120-mt.obj) : error LNK2038: mismatch detected for '_ITERATOR_DEBUG_LEVEL': value '0' doesn't match value '2' in oms_tide_2013_tests.obj
     1>libboost_filesystem-vc120-mt-1_56.lib(boost_path-vc120-mt.obj) : error LNK2038: mismatch detected for 'RuntimeLibrary': value 'MD_DynamicRelease' doesn't match value 'MDd_DynamicDebug' in oms_tide_2013_tests.obj
     1>libboost_filesystem-vc120-mt-1_56.lib(boost_operations-vc120-mt.obj) : error LNK2038: mismatch detected for '_ITERATOR_DEBUG_LEVEL': value '0' doesn't match value '2' in oms_tide_2013_tests.obj
     1>libboost_filesystem-vc120-mt-1_56.lib(boost_operations-vc120-mt.obj) : error LNK2038: mismatch detected for 'RuntimeLibrary': value 'MD_DynamicRelease' doesn't match value 'MDd_DynamicDebug' in oms_tide_2013_tests.obj
     1>libboost_filesystem-vc120-mt-1_56.lib(boost_codecvt_error_category-vc120-mt.obj) : error LNK2038: mismatch detected for '_ITERATOR_DEBUG_LEVEL': value '0' doesn't match value '2' in oms_tide_2013_tests.obj
     1>libboost_filesystem-vc120-mt-1_56.lib(boost_codecvt_error_category-vc120-mt.obj) : error LNK2038: mismatch detected for 'RuntimeLibrary': value 'MD_DynamicRelease' doesn't match value 'MDd_DynamicDebug' in oms_tide_2013_tests.obj
     1>libboost_filesystem-vc120-mt-1_56.lib(boost_windows_file_codecvt-vc120-mt.obj) : error LNK2038: mismatch detected for '_ITERATOR_DEBUG_LEVEL': value '0' doesn't match value '2' in oms_tide_2013_tests.obj
     1>libboost_filesystem-vc120-mt-1_56.lib(boost_windows_file_codecvt-vc120-mt.obj) : error LNK2038: mismatch detected for 'RuntimeLibrary': value 'MD_DynamicRelease' doesn't match value 'MDd_DynamicDebug' in oms_tide_2013_tests.obj
     1>libboost_filesystem-vc120-mt-1_56.lib(boost_path_traits-vc120-mt.obj) : error LNK2038: mismatch detected for '_ITERATOR_DEBUG_LEVEL': value '0' doesn't match value '2' in oms_tide_2013_tests.obj
     1>libboost_filesystem-vc120-mt-1_56.lib(boost_path_traits-vc120-mt.obj) : error LNK2038: mismatch detected for 'RuntimeLibrary': value 'MD_DynamicRelease' doesn't match value 'MDd_DynamicDebug' in oms_tide_2013_tests.obj
     1>libboost_filesystem-vc120-mt-1_56.lib(boost_path-vc120-mt.obj) : error LNK2038: mismatch detected for '_ITERATOR_DEBUG_LEVEL': value '0' doesn't match value '2' in oms_tide_2013_tests.obj
     1>libboost_filesystem-vc120-mt-1_56.lib(boost_path-vc120-mt.obj) : error LNK2038: mismatch detected for 'RuntimeLibrary': value 'MD_DynamicRelease' doesn't match value 'MDd_DynamicDebug' in oms_tide_2013_tests.obj
     1>libboost_filesystem-vc120-mt-1_56.lib(boost_operations-vc120-mt.obj) : error LNK2038: mismatch detected for '_ITERATOR_DEBUG_LEVEL': value '0' doesn't match value '2' in oms_tide_2013_tests.obj
     1>libboost_filesystem-vc120-mt-1_56.lib(boost_operations-vc120-mt.obj) : error LNK2038: mismatch detected for 'RuntimeLibrary': value 'MD_DynamicRelease' doesn't match value 'MDd_DynamicDebug' in oms_tide_2013_tests.obj
     1>libboost_filesystem-vc120-mt-1_56.lib(boost_codecvt_error_category-vc120-mt.obj) : error LNK2038: mismatch detected for '_ITERATOR_DEBUG_LEVEL': value '0' doesn't match value '2' in oms_tide_2013_tests.obj
     1>libboost_filesystem-vc120-mt-1_56.lib(boost_codecvt_error_category-vc120-mt.obj) : error LNK2038: mismatch detected for 'RuntimeLibrary': value 'MD_DynamicRelease' doesn't match value 'MDd_DynamicDebug' in oms_tide_2013_tests.obj
     1>libboost_filesystem-vc120-mt-1_56.lib(boost_windows_file_codecvt-vc120-mt.obj) : error LNK2038: mismatch detected for '_ITERATOR_DEBUG_LEVEL': value '0' doesn't match value '2' in oms_tide_2013_tests.obj
     1>libboost_filesystem-vc120-mt-1_56.lib(boost_windows_file_codecvt-vc120-mt.obj) : error LNK2038: mismatch detected for 'RuntimeLibrary': value 'MD_DynamicRelease' doesn't match value 'MDd_DynamicDebug' in oms_tide_2013_tests.obj
         MSToolkitLite.lib(Spectrum.obj) : MSIL .netmodule or module compiled with /GL found; restarting link with /LTCG; add /LTCG to the link command line to improve linker performance
     1>libboost_filesystem-vc120-mt-1_56.lib(boost_path_traits-vc120-mt.obj) : error LNK2038: mismatch detected for '_ITERATOR_DEBUG_LEVEL': value '0' doesn't match value '2' in oms_tide_2013_tests.obj
     1>libboost_filesystem-vc120-mt-1_56.lib(boost_path_traits-vc120-mt.obj) : error LNK2038: mismatch detected for 'RuntimeLibrary': value 'MD_DynamicRelease' doesn't match value 'MDd_DynamicDebug' in oms_tide_2013_tests.obj
     1>libboost_filesystem-vc120-mt-1_56.lib(boost_path-vc120-mt.obj) : error LNK2038: mismatch detected for '_ITERATOR_DEBUG_LEVEL': value '0' doesn't match value '2' in oms_tide_2013_tests.obj
     1>libboost_filesystem-vc120-mt-1_56.lib(boost_path-vc120-mt.obj) : error LNK2038: mismatch detected for 'RuntimeLibrary': value 'MD_DynamicRelease' doesn't match value 'MDd_DynamicDebug' in oms_tide_2013_tests.obj
     1>libboost_filesystem-vc120-mt-1_56.lib(boost_operations-vc120-mt.obj) : error LNK2038: mismatch detected for '_ITERATOR_DEBUG_LEVEL': value '0' doesn't match value '2' in oms_tide_2013_tests.obj
     1>libboost_filesystem-vc120-mt-1_56.lib(boost_operations-vc120-mt.obj) : error LNK2038: mismatch detected for 'RuntimeLibrary': value 'MD_DynamicRelease' doesn't match value 'MDd_DynamicDebug' in oms_tide_2013_tests.obj
     1>libboost_filesystem-vc120-mt-1_56.lib(boost_codecvt_error_category-vc120-mt.obj) : error LNK2038: mismatch detected for '_ITERATOR_DEBUG_LEVEL': value '0' doesn't match value '2' in oms_tide_2013_tests.obj
     1>libboost_filesystem-vc120-mt-1_56.lib(boost_codecvt_error_category-vc120-mt.obj) : error LNK2038: mismatch detected for 'RuntimeLibrary': value 'MD_DynamicRelease' doesn't match value 'MDd_DynamicDebug' in oms_tide_2013_tests.obj
     1>libboost_filesystem-vc120-mt-1_56.lib(boost_windows_file_codecvt-vc120-mt.obj) : error LNK2038: mismatch detected for '_ITERATOR_DEBUG_LEVEL': value '0' doesn't match value '2' in oms_tide_2013_tests.obj
     1>libboost_filesystem-vc120-mt-1_56.lib(boost_windows_file_codecvt-vc120-mt.obj) : error LNK2038: mismatch detected for 'RuntimeLibrary': value 'MD_DynamicRelease' doesn't match value 'MDd_DynamicDebug' in oms_tide_2013_tests.obj
     1>libboost_filesystem-vc120-mt-1_56.lib(boost_utf8_codecvt_facet-vc120-mt.obj) : error LNK2038: mismatch detected for '_ITERATOR_DEBUG_LEVEL': value '0' doesn't match value '2' in oms_tide_2013_tests.obj
     1>libboost_filesystem-vc120-mt-1_56.lib(boost_utf8_codecvt_facet-vc120-mt.obj) : error LNK2038: mismatch detected for 'RuntimeLibrary': value 'MD_DynamicRelease' doesn't match value 'MDd_DynamicDebug' in oms_tide_2013_tests.obj
     1>libboost_nowide-vc120-mt-1_56.lib(boost_iostream-vc120-mt.obj) : error LNK2038: mismatch detected for '_ITERATOR_DEBUG_LEVEL': value '0' doesn't match value '2' in oms_tide_2013_tests.obj
     1>libboost_nowide-vc120-mt-1_56.lib(boost_iostream-vc120-mt.obj) : error LNK2038: mismatch detected for 'RuntimeLibrary': value 'MD_DynamicRelease' doesn't match value 'MDd_DynamicDebug' in oms_tide_2013_tests.obj
     1>LINK : fatal error LNK1104: cannot open file 'libboost_thread-vc120-mt-gd-1_56.lib'
     1>Done Building Project "C:\dev\real_time_seq\oms_tide_2013_tests\oms_tide_2013_tests\oms_tide_2013_tests\oms_tide_2013_tests.vcxproj" (Build target(s)) -- FAILED.

Build FAILED.

Time Elapsed 00:00:27.41
